Date:-   20-01-2021 10:47:42 AM
Exception:-   Database operation expected to affect 1 row(s) but actually affected 0 row(s). Data may have been modified or deleted since entities were loaded. See http://go.microsoft.com/fwlink/?LinkId=527962 for information on understanding and handling optimistic concurrency exceptions.
Date:-   20-01-2021 10:50:25 AM
Exception:-   Database operation expected to affect 1 row(s) but actually affected 0 row(s). Data may have been modified or deleted since entities were loaded. See http://go.microsoft.com/fwlink/?LinkId=527962 for information on understanding and handling optimistic concurrency exceptions.
StackTrace:-   at CodeFactoryAPI.Controllers.UsersAPI.Put(Guid id, User user) in C:\Users\SOHAM\Desktop\Git\CodeFactory\CodeFactoryAPI\Controllers\UsersAPI.cs:line 96

Date:-   20-01-2021 10:53:20 AM
Exception:-   Database operation expected to affect 1 row(s) but actually affected 0 row(s). Data may have been modified or deleted since entities were loaded. See http://go.microsoft.com/fwlink/?LinkId=527962 for information on understanding and handling optimistic concurrency exceptions.
StackTrace:-   at CodeFactoryAPI.Controllers.UsersAPI.Put(Guid id, User user) in C:\Users\SOHAM\Desktop\Git\CodeFactory\CodeFactoryAPI\Controllers\UsersAPI.cs:line 96

Date:-   20-01-2021 05:27:30 PM
Exception:-   Value cannot be null. (Parameter 'paths')
StackTrace:-   at CodeFactoryAPI.Controllers.UsersAPI.Post(User user, IFormFile file) in C:\Users\SOHAM\Desktop\Git\CodeFactory\CodeFactoryAPI\Controllers\UsersAPI.cs:line 65

Date:-   20-01-2021 05:28:32 PM
Exception:-   Value cannot be null. (Parameter 'paths')
StackTrace:-   at CodeFactoryAPI.Controllers.UsersAPI.Post(User user, IFormFile file) in C:\Users\SOHAM\Desktop\Git\CodeFactory\CodeFactoryAPI\Controllers\UsersAPI.cs:line 65

Date:-   20-01-2021 05:30:14 PM
Exception:-   Value cannot be null. (Parameter 'paths')
StackTrace:-   at CodeFactoryAPI.Controllers.UsersAPI.Post(User user, IFormFile file) in C:\Users\SOHAM\Desktop\Git\CodeFactory\CodeFactoryAPI\Controllers\UsersAPI.cs:line 65

Date:-   21-01-2021 09:30:29 AM
Exception:-   The instance of entity type 'User' cannot be tracked because another instance with the same key value for {'User_ID'} is already being tracked. When attaching existing entities, ensure that only one entity instance with a given key value is attached. Consider using 'DbContextOptionsBuilder.EnableSensitiveDataLogging' to see the conflicting key values.
StackTrace:-   at CodeFactoryAPI.Controllers.UsersAPI.Put(Guid id, User user, IFormFile file) in C:\Users\SOHAM\Desktop\Git\CodeFactory\CodeFactoryAPI\Controllers\UsersAPI.cs:line 134

Date:-   22-01-2021 10:07:02 AM
Exception:-   Could not find a part of the path 'C:\Users\SOHAM\Desktop\Git\CodeFactory\CodeFactoryAPI\wwwroot\Files\Images\Users\Files\Images\Users\be22fd41-749d-4bd9-8afc-4416e29fd49e - soham.PNG'.
StackTrace:-   at CodeFactoryAPI.Controllers.UsersAPI.Post(User user, IFormFile file) in C:\Users\SOHAM\Desktop\Git\CodeFactory\CodeFactoryAPI\Controllers\UsersAPI.cs:line 67

Date:-   22-01-2021 10:07:31 AM
Exception:-   Could not find a part of the path 'C:\Users\SOHAM\Desktop\Git\CodeFactory\CodeFactoryAPI\wwwroot\Files\Images\Users\Files\Images\Users\14d8a1e3-461e-4dc2-b126-b91ae7d48e0e - soham.PNG'.
StackTrace:-   at CodeFactoryAPI.Controllers.UsersAPI.Post(User user, IFormFile file) in C:\Users\SOHAM\Desktop\Git\CodeFactory\CodeFactoryAPI\Controllers\UsersAPI.cs:line 67

Date:-   26-01-2021 06:49:58 PM
Exception:-   Sequence contains no elements.
StackTrace:-   at CodeFactoryAPI.Controllers.QuestionsAPI.GetQuestion(Guid id) in C:\Users\SOHAM\Desktop\Git\CodeFactory\CodeFactoryAPI\Controllers\QuestionsAPI.cs:line 38

Date:-   26-01-2021 06:50:19 PM
Exception:-   Sequence contains no elements.
StackTrace:-   at CodeFactoryAPI.Controllers.QuestionsAPI.GetQuestion(Guid id) in C:\Users\SOHAM\Desktop\Git\CodeFactory\CodeFactoryAPI\Controllers\QuestionsAPI.cs:line 38

Date:-   26-01-2021 06:55:28 PM
Exception:-   One or more errors occurred. (Sequence contains no elements.)
Inner Exception:-   Sequence contains no elements.
StackTrace:-   at CodeFactoryAPI.Controllers.QuestionsAPI.GetQuestion(Guid id) in C:\Users\SOHAM\Desktop\Git\CodeFactory\CodeFactoryAPI\Controllers\QuestionsAPI.cs:line 48

Date:-   26-01-2021 06:57:17 PM
Exception:-   Sequence contains no elements.
StackTrace:-   at CodeFactoryAPI.Controllers.QuestionsAPI.GetQuestion(Guid id) in C:\Users\SOHAM\Desktop\Git\CodeFactory\CodeFactoryAPI\Controllers\QuestionsAPI.cs:line 46

